<?xml version="1.0" encoding="UTF-8"?>
<coverage generated="1591802473761" clover="3.2.0">
  <project timestamp="1591802473761" name="All files">
    <metrics statements="170" coveredstatements="36" conditionals="68" coveredconditionals="0" methods="35" coveredmethods="1" elements="273" coveredelements="37" complexity="0" loc="170" ncloc="170" packages="1" files="1" classes="1"/>
    <file name="autocomplete.js" path="/home/massarani/workspace/working/restricted-location-google-autocomplete/src/autocomplete.js">
      <metrics statements="170" coveredstatements="36" conditionals="68" coveredconditionals="0" methods="35" coveredmethods="1"/>
      <line num="12" count="1" type="stmt"/>
      <line num="13" count="1" type="stmt"/>
      <line num="14" count="1" type="stmt"/>
      <line num="15" count="1" type="stmt"/>
      <line num="16" count="1" type="stmt"/>
      <line num="17" count="1" type="stmt"/>
      <line num="18" count="1" type="stmt"/>
      <line num="19" count="1" type="stmt"/>
      <line num="20" count="1" type="stmt"/>
      <line num="21" count="1" type="stmt"/>
      <line num="22" count="1" type="stmt"/>
      <line num="23" count="1" type="stmt"/>
      <line num="24" count="1" type="stmt"/>
      <line num="26" count="1" type="stmt"/>
      <line num="27" count="1" type="stmt"/>
      <line num="28" count="1" type="stmt"/>
      <line num="29" count="1" type="stmt"/>
      <line num="30" count="1" type="stmt"/>
      <line num="31" count="1" type="stmt"/>
      <line num="32" count="1" type="stmt"/>
      <line num="33" count="1" type="stmt"/>
      <line num="34" count="1" type="stmt"/>
      <line num="35" count="1" type="stmt"/>
      <line num="36" count="1" type="stmt"/>
      <line num="37" count="1" type="stmt"/>
      <line num="38" count="1" type="stmt"/>
      <line num="39" count="1" type="stmt"/>
      <line num="40" count="1" type="stmt"/>
      <line num="41" count="1" type="stmt"/>
      <line num="42" count="1" type="stmt"/>
      <line num="43" count="1" type="stmt"/>
      <line num="44" count="1" type="stmt"/>
      <line num="46" count="1" type="stmt"/>
      <line num="48" count="1" type="stmt"/>
      <line num="49" count="1" type="stmt"/>
      <line num="50" count="1" type="stmt"/>
      <line num="62" count="0" type="stmt"/>
      <line num="63" count="0" type="stmt"/>
      <line num="64" count="0" type="stmt"/>
      <line num="65" count="0" type="stmt"/>
      <line num="69" count="0" type="stmt"/>
      <line num="72" count="0" type="stmt"/>
      <line num="75" count="0" type="stmt"/>
      <line num="78" count="0" type="stmt"/>
      <line num="81" count="0" type="stmt"/>
      <line num="84" count="0" type="stmt"/>
      <line num="87" count="0" type="stmt"/>
      <line num="90" count="0" type="stmt"/>
      <line num="93" count="0" type="stmt"/>
      <line num="96" count="0" type="stmt"/>
      <line num="99" count="0" type="stmt"/>
      <line num="102" count="0" type="stmt"/>
      <line num="105" count="0" type="stmt"/>
      <line num="108" count="0" type="stmt"/>
      <line num="111" count="0" type="stmt"/>
      <line num="114" count="0" type="stmt"/>
      <line num="117" count="0" type="stmt"/>
      <line num="120" count="0" type="stmt"/>
      <line num="123" count="0" type="stmt"/>
      <line num="132" count="0" type="stmt"/>
      <line num="138" count="0" type="stmt"/>
      <line num="139" count="0" type="cond" truecount="0" falsecount="2"/>
      <line num="140" count="0" type="stmt"/>
      <line num="141" count="0" type="stmt"/>
      <line num="142" count="0" type="stmt"/>
      <line num="143" count="0" type="stmt"/>
      <line num="144" count="0" type="stmt"/>
      <line num="145" count="0" type="stmt"/>
      <line num="146" count="0" type="cond" truecount="0" falsecount="7"/>
      <line num="148" count="0" type="stmt"/>
      <line num="149" count="0" type="stmt"/>
      <line num="150" count="0" type="stmt"/>
      <line num="152" count="0" type="stmt"/>
      <line num="153" count="0" type="stmt"/>
      <line num="154" count="0" type="stmt"/>
      <line num="155" count="0" type="stmt"/>
      <line num="157" count="0" type="stmt"/>
      <line num="158" count="0" type="stmt"/>
      <line num="159" count="0" type="stmt"/>
      <line num="161" count="0" type="stmt"/>
      <line num="162" count="0" type="stmt"/>
      <line num="163" count="0" type="stmt"/>
      <line num="165" count="0" type="stmt"/>
      <line num="166" count="0" type="stmt"/>
      <line num="167" count="0" type="stmt"/>
      <line num="169" count="0" type="stmt"/>
      <line num="170" count="0" type="stmt"/>
      <line num="171" count="0" type="stmt"/>
      <line num="173" count="0" type="stmt"/>
      <line num="174" count="0" type="stmt"/>
      <line num="175" count="0" type="stmt"/>
      <line num="178" count="0" type="stmt"/>
      <line num="181" count="0" type="stmt"/>
      <line num="186" count="0" type="cond" truecount="0" falsecount="2"/>
      <line num="187" count="0" type="stmt"/>
      <line num="188" count="0" type="cond" truecount="0" falsecount="2"/>
      <line num="189" count="0" type="cond" truecount="0" falsecount="2"/>
      <line num="191" count="0" type="cond" truecount="0" falsecount="2"/>
      <line num="192" count="0" type="stmt"/>
      <line num="193" count="0" type="stmt"/>
      <line num="194" count="0" type="stmt"/>
      <line num="195" count="0" type="stmt"/>
      <line num="199" count="0" type="stmt"/>
      <line num="200" count="0" type="stmt"/>
      <line num="201" count="0" type="stmt"/>
      <line num="203" count="0" type="stmt"/>
      <line num="204" count="0" type="stmt"/>
      <line num="205" count="0" type="stmt"/>
      <line num="207" count="0" type="stmt"/>
      <line num="208" count="0" type="stmt"/>
      <line num="209" count="0" type="cond" truecount="0" falsecount="4"/>
      <line num="210" count="0" type="cond" truecount="0" falsecount="4"/>
      <line num="211" count="0" type="cond" truecount="0" falsecount="4"/>
      <line num="212" count="0" type="cond" truecount="0" falsecount="5"/>
      <line num="213" count="0" type="cond" truecount="0" falsecount="2"/>
      <line num="215" count="0" type="stmt"/>
      <line num="226" count="0" type="stmt"/>
      <line num="227" count="0" type="cond" truecount="0" falsecount="2"/>
      <line num="228" count="0" type="stmt"/>
      <line num="229" count="0" type="stmt"/>
      <line num="230" count="0" type="stmt"/>
      <line num="231" count="0" type="stmt"/>
      <line num="232" count="0" type="stmt"/>
      <line num="234" count="0" type="stmt"/>
      <line num="235" count="0" type="stmt"/>
      <line num="237" count="0" type="stmt"/>
      <line num="238" count="0" type="stmt"/>
      <line num="239" count="0" type="stmt"/>
      <line num="240" count="0" type="stmt"/>
      <line num="242" count="0" type="stmt"/>
      <line num="244" count="0" type="cond" truecount="0" falsecount="4"/>
      <line num="245" count="0" type="stmt"/>
      <line num="246" count="0" type="stmt"/>
      <line num="247" count="0" type="stmt"/>
      <line num="248" count="0" type="stmt"/>
      <line num="249" count="0" type="stmt"/>
      <line num="251" count="0" type="stmt"/>
      <line num="253" count="0" type="stmt"/>
      <line num="254" count="0" type="cond" truecount="0" falsecount="4"/>
      <line num="255" count="0" type="stmt"/>
      <line num="256" count="0" type="stmt"/>
      <line num="257" count="0" type="stmt"/>
      <line num="264" count="0" type="stmt"/>
      <line num="270" count="0" type="stmt"/>
      <line num="271" count="0" type="stmt"/>
      <line num="272" count="0" type="stmt"/>
      <line num="273" count="0" type="stmt"/>
      <line num="279" count="0" type="stmt"/>
      <line num="280" count="0" type="stmt"/>
      <line num="286" count="0" type="cond" truecount="0" falsecount="2"/>
      <line num="288" count="0" type="stmt"/>
      <line num="289" count="0" type="cond" truecount="0" falsecount="2"/>
      <line num="290" count="0" type="cond" truecount="0" falsecount="2"/>
      <line num="292" count="0" type="stmt"/>
      <line num="296" count="0" type="stmt"/>
      <line num="297" count="0" type="cond" truecount="0" falsecount="2"/>
      <line num="298" count="0" type="cond" truecount="0" falsecount="2"/>
      <line num="301" count="0" type="stmt"/>
      <line num="303" count="0" type="stmt"/>
      <line num="304" count="0" type="cond" truecount="0" falsecount="2"/>
      <line num="307" count="0" type="stmt"/>
      <line num="309" count="0" type="stmt"/>
      <line num="310" count="0" type="cond" truecount="0" falsecount="2"/>
      <line num="312" count="0" type="stmt"/>
      <line num="313" count="0" type="cond" truecount="0" falsecount="2"/>
      <line num="315" count="0" type="cond" truecount="0" falsecount="2"/>
      <line num="323" count="0" type="stmt"/>
      <line num="324" count="0" type="stmt"/>
      <line num="325" count="0" type="cond" truecount="0" falsecount="4"/>
      <line num="326" count="0" type="stmt"/>
    </file>
  </project>
</coverage>
