{"/home/massarani/workspace/working/restricted-location-google-autocomplete/src/autocomplete.js": {"path":"/home/massarani/workspace/working/restricted-location-google-autocomplete/src/autocomplete.js","statementMap":{"0":{"start":{"line":12,"column":8},"end":{"line":12,"column":21}},"1":{"start":{"line":13,"column":8},"end":{"line":13,"column":27}},"2":{"start":{"line":14,"column":8},"end":{"line":14,"column":19}},"3":{"start":{"line":15,"column":8},"end":{"line":15,"column":20}},"4":{"start":{"line":16,"column":8},"end":{"line":16,"column":20}},"5":{"start":{"line":17,"column":8},"end":{"line":17,"column":20}},"6":{"start":{"line":18,"column":8},"end":{"line":18,"column":20}},"7":{"start":{"line":19,"column":8},"end":{"line":19,"column":28}},"8":{"start":{"line":20,"column":8},"end":{"line":20,"column":32}},"9":{"start":{"line":21,"column":8},"end":{"line":21,"column":36}},"10":{"start":{"line":22,"column":8},"end":{"line":22,"column":35}},"11":{"start":{"line":23,"column":8},"end":{"line":23,"column":26}},"12":{"start":{"line":24,"column":8},"end":{"line":24,"column":33}},"13":{"start":{"line":26,"column":8},"end":{"line":26,"column":30}},"14":{"start":{"line":27,"column":8},"end":{"line":27,"column":41}},"15":{"start":{"line":28,"column":8},"end":{"line":28,"column":31}},"16":{"start":{"line":29,"column":8},"end":{"line":29,"column":32}},"17":{"start":{"line":30,"column":8},"end":{"line":30,"column":35}},"18":{"start":{"line":31,"column":8},"end":{"line":31,"column":36}},"19":{"start":{"line":32,"column":8},"end":{"line":32,"column":31}},"20":{"start":{"line":33,"column":8},"end":{"line":33,"column":32}},"21":{"start":{"line":34,"column":8},"end":{"line":34,"column":31}},"22":{"start":{"line":35,"column":8},"end":{"line":35,"column":32}},"23":{"start":{"line":36,"column":8},"end":{"line":36,"column":31}},"24":{"start":{"line":37,"column":8},"end":{"line":37,"column":32}},"25":{"start":{"line":38,"column":8},"end":{"line":38,"column":29}},"26":{"start":{"line":39,"column":8},"end":{"line":39,"column":30}},"27":{"start":{"line":40,"column":8},"end":{"line":40,"column":28}},"28":{"start":{"line":41,"column":8},"end":{"line":41,"column":29}},"29":{"start":{"line":42,"column":8},"end":{"line":42,"column":27}},"30":{"start":{"line":43,"column":8},"end":{"line":43,"column":33}},"31":{"start":{"line":44,"column":8},"end":{"line":44,"column":34}},"32":{"start":{"line":46,"column":8},"end":{"line":46,"column":57}},"33":{"start":{"line":48,"column":8},"end":{"line":48,"column":75}},"34":{"start":{"line":49,"column":8},"end":{"line":49,"column":74}},"35":{"start":{"line":50,"column":8},"end":{"line":50,"column":70}},"36":{"start":{"line":62,"column":8},"end":{"line":62,"column":29}},"37":{"start":{"line":63,"column":8},"end":{"line":63,"column":29}},"38":{"start":{"line":64,"column":8},"end":{"line":64,"column":29}},"39":{"start":{"line":65,"column":8},"end":{"line":65,"column":29}},"40":{"start":{"line":69,"column":8},"end":{"line":69,"column":37}},"41":{"start":{"line":72,"column":8},"end":{"line":72,"column":48}},"42":{"start":{"line":75,"column":8},"end":{"line":75,"column":38}},"43":{"start":{"line":78,"column":8},"end":{"line":78,"column":39}},"44":{"start":{"line":81,"column":8},"end":{"line":81,"column":42}},"45":{"start":{"line":84,"column":8},"end":{"line":84,"column":43}},"46":{"start":{"line":87,"column":8},"end":{"line":87,"column":38}},"47":{"start":{"line":90,"column":8},"end":{"line":90,"column":39}},"48":{"start":{"line":93,"column":8},"end":{"line":93,"column":38}},"49":{"start":{"line":96,"column":8},"end":{"line":96,"column":39}},"50":{"start":{"line":99,"column":8},"end":{"line":99,"column":38}},"51":{"start":{"line":102,"column":8},"end":{"line":102,"column":39}},"52":{"start":{"line":105,"column":8},"end":{"line":105,"column":36}},"53":{"start":{"line":108,"column":8},"end":{"line":108,"column":37}},"54":{"start":{"line":111,"column":8},"end":{"line":111,"column":35}},"55":{"start":{"line":114,"column":8},"end":{"line":114,"column":36}},"56":{"start":{"line":117,"column":8},"end":{"line":117,"column":34}},"57":{"start":{"line":120,"column":8},"end":{"line":120,"column":40}},"58":{"start":{"line":123,"column":8},"end":{"line":123,"column":41}},"59":{"start":{"line":132,"column":22},"end":{"line":136,"column":9}},"60":{"start":{"line":138,"column":8},"end":{"line":180,"column":11}},"61":{"start":{"line":139,"column":12},"end":{"line":179,"column":13}},"62":{"start":{"line":140,"column":16},"end":{"line":140,"column":51}},"63":{"start":{"line":141,"column":16},"end":{"line":141,"column":75}},"64":{"start":{"line":142,"column":16},"end":{"line":142,"column":52}},"65":{"start":{"line":143,"column":16},"end":{"line":143,"column":73}},"66":{"start":{"line":144,"column":16},"end":{"line":144,"column":74}},"67":{"start":{"line":145,"column":16},"end":{"line":177,"column":19}},"68":{"start":{"line":146,"column":20},"end":{"line":176,"column":21}},"69":{"start":{"line":148,"column":28},"end":{"line":148,"column":68}},"70":{"start":{"line":149,"column":28},"end":{"line":149,"column":70}},"71":{"start":{"line":150,"column":28},"end":{"line":150,"column":34}},"72":{"start":{"line":152,"column":28},"end":{"line":152,"column":72}},"73":{"start":{"line":153,"column":28},"end":{"line":153,"column":74}},"74":{"start":{"line":154,"column":7},"end":{"line":154,"column":45}},"75":{"start":{"line":155,"column":28},"end":{"line":155,"column":34}},"76":{"start":{"line":157,"column":28},"end":{"line":157,"column":68}},"77":{"start":{"line":158,"column":28},"end":{"line":158,"column":70}},"78":{"start":{"line":159,"column":28},"end":{"line":159,"column":34}},"79":{"start":{"line":161,"column":28},"end":{"line":161,"column":68}},"80":{"start":{"line":162,"column":28},"end":{"line":162,"column":70}},"81":{"start":{"line":163,"column":28},"end":{"line":163,"column":34}},"82":{"start":{"line":165,"column":28},"end":{"line":165,"column":68}},"83":{"start":{"line":166,"column":28},"end":{"line":166,"column":70}},"84":{"start":{"line":167,"column":28},"end":{"line":167,"column":34}},"85":{"start":{"line":169,"column":28},"end":{"line":169,"column":66}},"86":{"start":{"line":170,"column":28},"end":{"line":170,"column":68}},"87":{"start":{"line":171,"column":28},"end":{"line":171,"column":34}},"88":{"start":{"line":173,"column":28},"end":{"line":173,"column":65}},"89":{"start":{"line":174,"column":28},"end":{"line":174,"column":67}},"90":{"start":{"line":175,"column":28},"end":{"line":175,"column":34}},"91":{"start":{"line":178,"column":16},"end":{"line":178,"column":32}},"92":{"start":{"line":181,"column":8},"end":{"line":181,"column":39}},"93":{"start":{"line":186,"column":8},"end":{"line":186,"column":40}},"94":{"start":{"line":186,"column":33},"end":{"line":186,"column":40}},"95":{"start":{"line":187,"column":8},"end":{"line":187,"column":35}},"96":{"start":{"line":188,"column":8},"end":{"line":188,"column":121}},"97":{"start":{"line":188,"column":45},"end":{"line":188,"column":121}},"98":{"start":{"line":189,"column":8},"end":{"line":189,"column":94}},"99":{"start":{"line":189,"column":34},"end":{"line":189,"column":94}},"100":{"start":{"line":191,"column":8},"end":{"line":196,"column":9}},"101":{"start":{"line":192,"column":12},"end":{"line":192,"column":63}},"102":{"start":{"line":193,"column":12},"end":{"line":193,"column":68}},"103":{"start":{"line":194,"column":12},"end":{"line":194,"column":70}},"104":{"start":{"line":195,"column":12},"end":{"line":195,"column":99}},"105":{"start":{"line":199,"column":18},"end":{"line":199,"column":38}},"106":{"start":{"line":200,"column":8},"end":{"line":200,"column":29}},"107":{"start":{"line":201,"column":8},"end":{"line":201,"column":31}},"108":{"start":{"line":203,"column":8},"end":{"line":203,"column":68}},"109":{"start":{"line":204,"column":8},"end":{"line":204,"column":86}},"110":{"start":{"line":205,"column":8},"end":{"line":205,"column":80}},"111":{"start":{"line":207,"column":8},"end":{"line":207,"column":75}},"112":{"start":{"line":208,"column":24},"end":{"line":208,"column":26}},"113":{"start":{"line":209,"column":8},"end":{"line":209,"column":83}},"114":{"start":{"line":209,"column":46},"end":{"line":209,"column":83}},"115":{"start":{"line":210,"column":8},"end":{"line":210,"column":83}},"116":{"start":{"line":210,"column":46},"end":{"line":210,"column":83}},"117":{"start":{"line":211,"column":8},"end":{"line":211,"column":83}},"118":{"start":{"line":211,"column":46},"end":{"line":211,"column":83}},"119":{"start":{"line":212,"column":8},"end":{"line":212,"column":133}},"120":{"start":{"line":212,"column":84},"end":{"line":212,"column":133}},"121":{"start":{"line":213,"column":8},"end":{"line":213,"column":34}},"122":{"start":{"line":213,"column":17},"end":{"line":213,"column":34}},"123":{"start":{"line":215,"column":22},"end":{"line":222,"column":9}},"124":{"start":{"line":226,"column":8},"end":{"line":266,"column":11}},"125":{"start":{"line":227,"column":12},"end":{"line":252,"column":13}},"126":{"start":{"line":228,"column":16},"end":{"line":243,"column":19}},"127":{"start":{"line":229,"column":31},"end":{"line":229,"column":47}},"128":{"start":{"line":230,"column":28},"end":{"line":230,"column":57}},"129":{"start":{"line":231,"column":20},"end":{"line":231,"column":88}},"130":{"start":{"line":232,"column":20},"end":{"line":232,"column":59}},"131":{"start":{"line":234,"column":20},"end":{"line":234,"column":80}},"132":{"start":{"line":235,"column":20},"end":{"line":235,"column":89}},"133":{"start":{"line":237,"column":20},"end":{"line":241,"column":23}},"134":{"start":{"line":238,"column":38},"end":{"line":238,"column":104}},"135":{"start":{"line":239,"column":24},"end":{"line":239,"column":45}},"136":{"start":{"line":240,"column":24},"end":{"line":240,"column":51}},"137":{"start":{"line":242,"column":20},"end":{"line":242,"column":63}},"138":{"start":{"line":244,"column":19},"end":{"line":252,"column":13}},"139":{"start":{"line":245,"column":24},"end":{"line":245,"column":53}},"140":{"start":{"line":246,"column":16},"end":{"line":246,"column":93}},"141":{"start":{"line":247,"column":16},"end":{"line":250,"column":19}},"142":{"start":{"line":248,"column":20},"end":{"line":248,"column":46}},"143":{"start":{"line":249,"column":20},"end":{"line":249,"column":41}},"144":{"start":{"line":251,"column":16},"end":{"line":251,"column":59}},"145":{"start":{"line":253,"column":12},"end":{"line":253,"column":40}},"146":{"start":{"line":254,"column":12},"end":{"line":265,"column":13}},"147":{"start":{"line":255,"column":24},"end":{"line":255,"column":53}},"148":{"start":{"line":256,"column":16},"end":{"line":256,"column":59}},"149":{"start":{"line":257,"column":16},"end":{"line":263,"column":55}},"150":{"start":{"line":264,"column":16},"end":{"line":264,"column":59}},"151":{"start":{"line":270,"column":8},"end":{"line":270,"column":33}},"152":{"start":{"line":271,"column":19},"end":{"line":271,"column":23}},"153":{"start":{"line":272,"column":8},"end":{"line":274,"column":16}},"154":{"start":{"line":273,"column":12},"end":{"line":273,"column":51}},"155":{"start":{"line":279,"column":8},"end":{"line":281,"column":9}},"156":{"start":{"line":279,"column":21},"end":{"line":279,"column":22}},"157":{"start":{"line":280,"column":12},"end":{"line":280,"column":57}},"158":{"start":{"line":286,"column":8},"end":{"line":286,"column":29}},"159":{"start":{"line":286,"column":16},"end":{"line":286,"column":29}},"160":{"start":{"line":288,"column":8},"end":{"line":288,"column":24}},"161":{"start":{"line":289,"column":8},"end":{"line":289,"column":65}},"162":{"start":{"line":289,"column":43},"end":{"line":289,"column":65}},"163":{"start":{"line":290,"column":8},"end":{"line":290,"column":70}},"164":{"start":{"line":290,"column":35},"end":{"line":290,"column":70}},"165":{"start":{"line":292,"column":8},"end":{"line":292,"column":66}},"166":{"start":{"line":296,"column":16},"end":{"line":296,"column":70}},"167":{"start":{"line":297,"column":8},"end":{"line":297,"column":49}},"168":{"start":{"line":297,"column":15},"end":{"line":297,"column":49}},"169":{"start":{"line":298,"column":8},"end":{"line":317,"column":9}},"170":{"start":{"line":301,"column":12},"end":{"line":301,"column":32}},"171":{"start":{"line":303,"column":12},"end":{"line":303,"column":25}},"172":{"start":{"line":304,"column":15},"end":{"line":317,"column":9}},"173":{"start":{"line":307,"column":12},"end":{"line":307,"column":32}},"174":{"start":{"line":309,"column":12},"end":{"line":309,"column":25}},"175":{"start":{"line":310,"column":15},"end":{"line":317,"column":9}},"176":{"start":{"line":312,"column":12},"end":{"line":312,"column":31}},"177":{"start":{"line":313,"column":12},"end":{"line":316,"column":13}},"178":{"start":{"line":315,"column":16},"end":{"line":315,"column":52}},"179":{"start":{"line":315,"column":23},"end":{"line":315,"column":52}},"180":{"start":{"line":323,"column":16},"end":{"line":323,"column":69}},"181":{"start":{"line":324,"column":8},"end":{"line":328,"column":9}},"182":{"start":{"line":324,"column":21},"end":{"line":324,"column":22}},"183":{"start":{"line":325,"column":12},"end":{"line":327,"column":13}},"184":{"start":{"line":326,"column":16},"end":{"line":326,"column":50}}},"fnMap":{"0":{"name":"(anonymous_0)","decl":{"start":{"line":11,"column":4},"end":{"line":11,"column":5}},"loc":{"start":{"line":11,"column":37},"end":{"line":52,"column":5}},"line":11},"1":{"name":"(anonymous_1)","decl":{"start":{"line":61,"column":4},"end":{"line":61,"column":5}},"loc":{"start":{"line":61,"column":52},"end":{"line":66,"column":5}},"line":61},"2":{"name":"(anonymous_2)","decl":{"start":{"line":68,"column":4},"end":{"line":68,"column":5}},"loc":{"start":{"line":68,"column":26},"end":{"line":70,"column":5}},"line":68},"3":{"name":"(anonymous_3)","decl":{"start":{"line":71,"column":4},"end":{"line":71,"column":5}},"loc":{"start":{"line":71,"column":37},"end":{"line":73,"column":5}},"line":71},"4":{"name":"(anonymous_4)","decl":{"start":{"line":74,"column":4},"end":{"line":74,"column":5}},"loc":{"start":{"line":74,"column":27},"end":{"line":76,"column":5}},"line":74},"5":{"name":"(anonymous_5)","decl":{"start":{"line":77,"column":4},"end":{"line":77,"column":5}},"loc":{"start":{"line":77,"column":28},"end":{"line":79,"column":5}},"line":77},"6":{"name":"(anonymous_6)","decl":{"start":{"line":80,"column":4},"end":{"line":80,"column":5}},"loc":{"start":{"line":80,"column":31},"end":{"line":82,"column":5}},"line":80},"7":{"name":"(anonymous_7)","decl":{"start":{"line":83,"column":4},"end":{"line":83,"column":5}},"loc":{"start":{"line":83,"column":32},"end":{"line":85,"column":5}},"line":83},"8":{"name":"(anonymous_8)","decl":{"start":{"line":86,"column":4},"end":{"line":86,"column":5}},"loc":{"start":{"line":86,"column":27},"end":{"line":88,"column":5}},"line":86},"9":{"name":"(anonymous_9)","decl":{"start":{"line":89,"column":4},"end":{"line":89,"column":5}},"loc":{"start":{"line":89,"column":28},"end":{"line":91,"column":5}},"line":89},"10":{"name":"(anonymous_10)","decl":{"start":{"line":92,"column":4},"end":{"line":92,"column":5}},"loc":{"start":{"line":92,"column":27},"end":{"line":94,"column":5}},"line":92},"11":{"name":"(anonymous_11)","decl":{"start":{"line":95,"column":4},"end":{"line":95,"column":5}},"loc":{"start":{"line":95,"column":28},"end":{"line":97,"column":5}},"line":95},"12":{"name":"(anonymous_12)","decl":{"start":{"line":98,"column":4},"end":{"line":98,"column":5}},"loc":{"start":{"line":98,"column":27},"end":{"line":100,"column":5}},"line":98},"13":{"name":"(anonymous_13)","decl":{"start":{"line":101,"column":4},"end":{"line":101,"column":5}},"loc":{"start":{"line":101,"column":28},"end":{"line":103,"column":5}},"line":101},"14":{"name":"(anonymous_14)","decl":{"start":{"line":104,"column":4},"end":{"line":104,"column":5}},"loc":{"start":{"line":104,"column":25},"end":{"line":106,"column":5}},"line":104},"15":{"name":"(anonymous_15)","decl":{"start":{"line":107,"column":4},"end":{"line":107,"column":5}},"loc":{"start":{"line":107,"column":26},"end":{"line":109,"column":5}},"line":107},"16":{"name":"(anonymous_16)","decl":{"start":{"line":110,"column":4},"end":{"line":110,"column":5}},"loc":{"start":{"line":110,"column":24},"end":{"line":112,"column":5}},"line":110},"17":{"name":"(anonymous_17)","decl":{"start":{"line":113,"column":4},"end":{"line":113,"column":5}},"loc":{"start":{"line":113,"column":25},"end":{"line":115,"column":5}},"line":113},"18":{"name":"(anonymous_18)","decl":{"start":{"line":116,"column":4},"end":{"line":116,"column":5}},"loc":{"start":{"line":116,"column":23},"end":{"line":118,"column":5}},"line":116},"19":{"name":"(anonymous_19)","decl":{"start":{"line":119,"column":4},"end":{"line":119,"column":5}},"loc":{"start":{"line":119,"column":29},"end":{"line":121,"column":5}},"line":119},"20":{"name":"(anonymous_20)","decl":{"start":{"line":122,"column":4},"end":{"line":122,"column":5}},"loc":{"start":{"line":122,"column":30},"end":{"line":124,"column":5}},"line":122},"21":{"name":"(anonymous_21)","decl":{"start":{"line":131,"column":4},"end":{"line":131,"column":5}},"loc":{"start":{"line":131,"column":26},"end":{"line":183,"column":5}},"line":131},"22":{"name":"(anonymous_22)","decl":{"start":{"line":138,"column":47},"end":{"line":138,"column":48}},"loc":{"start":{"line":138,"column":66},"end":{"line":180,"column":9}},"line":138},"23":{"name":"(anonymous_23)","decl":{"start":{"line":145,"column":49},"end":{"line":145,"column":50}},"loc":{"start":{"line":145,"column":59},"end":{"line":177,"column":17}},"line":145},"24":{"name":"(anonymous_24)","decl":{"start":{"line":185,"column":4},"end":{"line":185,"column":5}},"loc":{"start":{"line":185,"column":38},"end":{"line":267,"column":5}},"line":185},"25":{"name":"(anonymous_25)","decl":{"start":{"line":226,"column":50},"end":{"line":226,"column":51}},"loc":{"start":{"line":226,"column":69},"end":{"line":266,"column":9}},"line":226},"26":{"name":"(anonymous_26)","decl":{"start":{"line":228,"column":30},"end":{"line":228,"column":31}},"loc":{"start":{"line":228,"column":40},"end":{"line":243,"column":17}},"line":228},"27":{"name":"(anonymous_27)","decl":{"start":{"line":237,"column":48},"end":{"line":237,"column":49}},"loc":{"start":{"line":237,"column":55},"end":{"line":241,"column":21}},"line":237},"28":{"name":"(anonymous_28)","decl":{"start":{"line":247,"column":44},"end":{"line":247,"column":45}},"loc":{"start":{"line":247,"column":56},"end":{"line":250,"column":17}},"line":247},"29":{"name":"(anonymous_29)","decl":{"start":{"line":269,"column":4},"end":{"line":269,"column":5}},"loc":{"start":{"line":269,"column":20},"end":{"line":275,"column":5}},"line":269},"30":{"name":"(anonymous_30)","decl":{"start":{"line":272,"column":32},"end":{"line":272,"column":33}},"loc":{"start":{"line":272,"column":38},"end":{"line":274,"column":9}},"line":272},"31":{"name":"(anonymous_31)","decl":{"start":{"line":277,"column":4},"end":{"line":277,"column":5}},"loc":{"start":{"line":277,"column":20},"end":{"line":282,"column":5}},"line":277},"32":{"name":"(anonymous_32)","decl":{"start":{"line":284,"column":4},"end":{"line":284,"column":5}},"loc":{"start":{"line":284,"column":17},"end":{"line":293,"column":5}},"line":284},"33":{"name":"(anonymous_33)","decl":{"start":{"line":295,"column":4},"end":{"line":295,"column":5}},"loc":{"start":{"line":295,"column":17},"end":{"line":318,"column":5}},"line":295},"34":{"name":"(anonymous_34)","decl":{"start":{"line":320,"column":4},"end":{"line":320,"column":5}},"loc":{"start":{"line":320,"column":25},"end":{"line":329,"column":5}},"line":320}},"branchMap":{"0":{"loc":{"start":{"line":139,"column":12},"end":{"line":179,"column":13}},"type":"if","locations":[{"start":{"line":139,"column":12},"end":{"line":179,"column":13}},{"start":{"line":139,"column":12},"end":{"line":179,"column":13}}],"line":139},"1":{"loc":{"start":{"line":146,"column":20},"end":{"line":176,"column":21}},"type":"switch","locations":[{"start":{"line":147,"column":24},"end":{"line":150,"column":34}},{"start":{"line":151,"column":24},"end":{"line":155,"column":34}},{"start":{"line":156,"column":24},"end":{"line":159,"column":34}},{"start":{"line":160,"column":24},"end":{"line":163,"column":34}},{"start":{"line":164,"column":24},"end":{"line":167,"column":34}},{"start":{"line":168,"column":24},"end":{"line":171,"column":34}},{"start":{"line":172,"column":24},"end":{"line":175,"column":34}}],"line":146},"2":{"loc":{"start":{"line":186,"column":8},"end":{"line":186,"column":40}},"type":"if","locations":[{"start":{"line":186,"column":8},"end":{"line":186,"column":40}},{"start":{"line":186,"column":8},"end":{"line":186,"column":40}}],"line":186},"3":{"loc":{"start":{"line":188,"column":8},"end":{"line":188,"column":121}},"type":"if","locations":[{"start":{"line":188,"column":8},"end":{"line":188,"column":121}},{"start":{"line":188,"column":8},"end":{"line":188,"column":121}}],"line":188},"4":{"loc":{"start":{"line":189,"column":8},"end":{"line":189,"column":94}},"type":"if","locations":[{"start":{"line":189,"column":8},"end":{"line":189,"column":94}},{"start":{"line":189,"column":8},"end":{"line":189,"column":94}}],"line":189},"5":{"loc":{"start":{"line":191,"column":8},"end":{"line":196,"column":9}},"type":"if","locations":[{"start":{"line":191,"column":8},"end":{"line":196,"column":9}},{"start":{"line":191,"column":8},"end":{"line":196,"column":9}}],"line":191},"6":{"loc":{"start":{"line":209,"column":8},"end":{"line":209,"column":83}},"type":"if","locations":[{"start":{"line":209,"column":8},"end":{"line":209,"column":83}},{"start":{"line":209,"column":8},"end":{"line":209,"column":83}}],"line":209},"7":{"loc":{"start":{"line":209,"column":12},"end":{"line":209,"column":44}},"type":"binary-expr","locations":[{"start":{"line":209,"column":12},"end":{"line":209,"column":23}},{"start":{"line":209,"column":27},"end":{"line":209,"column":44}}],"line":209},"8":{"loc":{"start":{"line":210,"column":8},"end":{"line":210,"column":83}},"type":"if","locations":[{"start":{"line":210,"column":8},"end":{"line":210,"column":83}},{"start":{"line":210,"column":8},"end":{"line":210,"column":83}}],"line":210},"9":{"loc":{"start":{"line":210,"column":12},"end":{"line":210,"column":44}},"type":"binary-expr","locations":[{"start":{"line":210,"column":12},"end":{"line":210,"column":23}},{"start":{"line":210,"column":27},"end":{"line":210,"column":44}}],"line":210},"10":{"loc":{"start":{"line":211,"column":8},"end":{"line":211,"column":83}},"type":"if","locations":[{"start":{"line":211,"column":8},"end":{"line":211,"column":83}},{"start":{"line":211,"column":8},"end":{"line":211,"column":83}}],"line":211},"11":{"loc":{"start":{"line":211,"column":12},"end":{"line":211,"column":44}},"type":"binary-expr","locations":[{"start":{"line":211,"column":12},"end":{"line":211,"column":23}},{"start":{"line":211,"column":27},"end":{"line":211,"column":44}}],"line":211},"12":{"loc":{"start":{"line":212,"column":8},"end":{"line":212,"column":133}},"type":"if","locations":[{"start":{"line":212,"column":8},"end":{"line":212,"column":133}},{"start":{"line":212,"column":8},"end":{"line":212,"column":133}}],"line":212},"13":{"loc":{"start":{"line":212,"column":12},"end":{"line":212,"column":82}},"type":"binary-expr","locations":[{"start":{"line":212,"column":12},"end":{"line":212,"column":29}},{"start":{"line":212,"column":33},"end":{"line":212,"column":55}},{"start":{"line":212,"column":59},"end":{"line":212,"column":82}}],"line":212},"14":{"loc":{"start":{"line":213,"column":8},"end":{"line":213,"column":34}},"type":"if","locations":[{"start":{"line":213,"column":8},"end":{"line":213,"column":34}},{"start":{"line":213,"column":8},"end":{"line":213,"column":34}}],"line":213},"15":{"loc":{"start":{"line":227,"column":12},"end":{"line":252,"column":13}},"type":"if","locations":[{"start":{"line":227,"column":12},"end":{"line":252,"column":13}},{"start":{"line":227,"column":12},"end":{"line":252,"column":13}}],"line":227},"16":{"loc":{"start":{"line":244,"column":19},"end":{"line":252,"column":13}},"type":"if","locations":[{"start":{"line":244,"column":19},"end":{"line":252,"column":13}},{"start":{"line":244,"column":19},"end":{"line":252,"column":13}}],"line":244},"17":{"loc":{"start":{"line":244,"column":23},"end":{"line":244,"column":39}},"type":"binary-expr","locations":[{"start":{"line":244,"column":23},"end":{"line":244,"column":26}},{"start":{"line":244,"column":30},"end":{"line":244,"column":39}}],"line":244},"18":{"loc":{"start":{"line":254,"column":12},"end":{"line":265,"column":13}},"type":"if","locations":[{"start":{"line":254,"column":12},"end":{"line":265,"column":13}},{"start":{"line":254,"column":12},"end":{"line":265,"column":13}}],"line":254},"19":{"loc":{"start":{"line":254,"column":16},"end":{"line":254,"column":32}},"type":"binary-expr","locations":[{"start":{"line":254,"column":16},"end":{"line":254,"column":19}},{"start":{"line":254,"column":23},"end":{"line":254,"column":32}}],"line":254},"20":{"loc":{"start":{"line":286,"column":8},"end":{"line":286,"column":29}},"type":"if","locations":[{"start":{"line":286,"column":8},"end":{"line":286,"column":29}},{"start":{"line":286,"column":8},"end":{"line":286,"column":29}}],"line":286},"21":{"loc":{"start":{"line":289,"column":8},"end":{"line":289,"column":65}},"type":"if","locations":[{"start":{"line":289,"column":8},"end":{"line":289,"column":65}},{"start":{"line":289,"column":8},"end":{"line":289,"column":65}}],"line":289},"22":{"loc":{"start":{"line":290,"column":8},"end":{"line":290,"column":70}},"type":"if","locations":[{"start":{"line":290,"column":8},"end":{"line":290,"column":70}},{"start":{"line":290,"column":8},"end":{"line":290,"column":70}}],"line":290},"23":{"loc":{"start":{"line":297,"column":8},"end":{"line":297,"column":49}},"type":"if","locations":[{"start":{"line":297,"column":8},"end":{"line":297,"column":49}},{"start":{"line":297,"column":8},"end":{"line":297,"column":49}}],"line":297},"24":{"loc":{"start":{"line":298,"column":8},"end":{"line":317,"column":9}},"type":"if","locations":[{"start":{"line":298,"column":8},"end":{"line":317,"column":9}},{"start":{"line":298,"column":8},"end":{"line":317,"column":9}}],"line":298},"25":{"loc":{"start":{"line":304,"column":15},"end":{"line":317,"column":9}},"type":"if","locations":[{"start":{"line":304,"column":15},"end":{"line":317,"column":9}},{"start":{"line":304,"column":15},"end":{"line":317,"column":9}}],"line":304},"26":{"loc":{"start":{"line":310,"column":15},"end":{"line":317,"column":9}},"type":"if","locations":[{"start":{"line":310,"column":15},"end":{"line":317,"column":9}},{"start":{"line":310,"column":15},"end":{"line":317,"column":9}}],"line":310},"27":{"loc":{"start":{"line":313,"column":12},"end":{"line":316,"column":13}},"type":"if","locations":[{"start":{"line":313,"column":12},"end":{"line":316,"column":13}},{"start":{"line":313,"column":12},"end":{"line":316,"column":13}}],"line":313},"28":{"loc":{"start":{"line":315,"column":16},"end":{"line":315,"column":52}},"type":"if","locations":[{"start":{"line":315,"column":16},"end":{"line":315,"column":52}},{"start":{"line":315,"column":16},"end":{"line":315,"column":52}}],"line":315},"29":{"loc":{"start":{"line":325,"column":12},"end":{"line":327,"column":13}},"type":"if","locations":[{"start":{"line":325,"column":12},"end":{"line":327,"column":13}},{"start":{"line":325,"column":12},"end":{"line":327,"column":13}}],"line":325},"30":{"loc":{"start":{"line":325,"column":16},"end":{"line":325,"column":56}},"type":"binary-expr","locations":[{"start":{"line":325,"column":16},"end":{"line":325,"column":29}},{"start":{"line":325,"column":33},"end":{"line":325,"column":56}}],"line":325}},"s":{"0":1,"1":1,"2":1,"3":1,"4":1,"5":1,"6":1,"7":1,"8":1,"9":1,"10":1,"11":1,"12":1,"13":1,"14":1,"15":1,"16":1,"17":1,"18":1,"19":1,"20":1,"21":1,"22":1,"23":1,"24":1,"25":1,"26":1,"27":1,"28":1,"29":1,"30":1,"31":1,"32":1,"33":1,"34":1,"35":1,"36":0,"37":0,"38":0,"39":0,"40":0,"41":0,"42":0,"43":0,"44":0,"45":0,"46":0,"47":0,"48":0,"49":0,"50":0,"51":0,"52":0,"53":0,"54":0,"55":0,"56":0,"57":0,"58":0,"59":0,"60":0,"61":0,"62":0,"63":0,"64":0,"65":0,"66":0,"67":0,"68":0,"69":0,"70":0,"71":0,"72":0,"73":0,"74":0,"75":0,"76":0,"77":0,"78":0,"79":0,"80":0,"81":0,"82":0,"83":0,"84":0,"85":0,"86":0,"87":0,"88":0,"89":0,"90":0,"91":0,"92":0,"93":0,"94":0,"95":0,"96":0,"97":0,"98":0,"99":0,"100":0,"101":0,"102":0,"103":0,"104":0,"105":0,"106":0,"107":0,"108":0,"109":0,"110":0,"111":0,"112":0,"113":0,"114":0,"115":0,"116":0,"117":0,"118":0,"119":0,"120":0,"121":0,"122":0,"123":0,"124":0,"125":0,"126":0,"127":0,"128":0,"129":0,"130":0,"131":0,"132":0,"133":0,"134":0,"135":0,"136":0,"137":0,"138":0,"139":0,"140":0,"141":0,"142":0,"143":0,"144":0,"145":0,"146":0,"147":0,"148":0,"149":0,"150":0,"151":0,"152":0,"153":0,"154":0,"155":0,"156":0,"157":0,"158":0,"159":0,"160":0,"161":0,"162":0,"163":0,"164":0,"165":0,"166":0,"167":0,"168":0,"169":0,"170":0,"171":0,"172":0,"173":0,"174":0,"175":0,"176":0,"177":0,"178":0,"179":0,"180":0,"181":0,"182":0,"183":0,"184":0},"f":{"0":1,"1":0,"2":0,"3":0,"4":0,"5":0,"6":0,"7":0,"8":0,"9":0,"10":0,"11":0,"12":0,"13":0,"14":0,"15":0,"16":0,"17":0,"18":0,"19":0,"20":0,"21":0,"22":0,"23":0,"24":0,"25":0,"26":0,"27":0,"28":0,"29":0,"30":0,"31":0,"32":0,"33":0,"34":0},"b":{"0":[0,0],"1":[0,0,0,0,0,0,0],"2":[0,0],"3":[0,0],"4":[0,0],"5":[0,0],"6":[0,0],"7":[0,0],"8":[0,0],"9":[0,0],"10":[0,0],"11":[0,0],"12":[0,0],"13":[0,0,0],"14":[0,0],"15":[0,0],"16":[0,0],"17":[0,0],"18":[0,0],"19":[0,0],"20":[0,0],"21":[0,0],"22":[0,0],"23":[0,0],"24":[0,0],"25":[0,0],"26":[0,0],"27":[0,0],"28":[0,0],"29":[0,0],"30":[0,0]},"_coverageSchema":"1a1c01bbd47fc00a2c39e90264f33305004495a9","hash":"738fca204278919b1793616adf1c9127ee7e3550"}
}
