{"total": {"lines":{"total":170,"covered":40,"skipped":0,"pct":23.53},"statements":{"total":185,"covered":40,"skipped":0,"pct":21.62},"functions":{"total":35,"covered":2,"skipped":0,"pct":5.71},"branches":{"total":68,"covered":0,"skipped":0,"pct":0}}
,"/home/massarani/workspace/working/restricted-location-google-autocomplete/src/autocomplete.js": {"lines":{"total":170,"covered":40,"skipped":0,"pct":23.53},"functions":{"total":35,"covered":2,"skipped":0,"pct":5.71},"statements":{"total":185,"covered":40,"skipped":0,"pct":21.62},"branches":{"total":68,"covered":0,"skipped":0,"pct":0}}
}
