TN:
SF:src/autocomplete.js
FN:11,(anonymous_0)
FN:61,(anonymous_1)
FN:68,(anonymous_2)
FN:71,(anonymous_3)
FN:74,(anonymous_4)
FN:77,(anonymous_5)
FN:80,(anonymous_6)
FN:83,(anonymous_7)
FN:86,(anonymous_8)
FN:89,(anonymous_9)
FN:92,(anonymous_10)
FN:95,(anonymous_11)
FN:98,(anonymous_12)
FN:101,(anonymous_13)
FN:104,(anonymous_14)
FN:107,(anonymous_15)
FN:110,(anonymous_16)
FN:113,(anonymous_17)
FN:116,(anonymous_18)
FN:119,(anonymous_19)
FN:122,(anonymous_20)
FN:131,(anonymous_21)
FN:138,(anonymous_22)
FN:145,(anonymous_23)
FN:185,(anonymous_24)
FN:226,(anonymous_25)
FN:228,(anonymous_26)
FN:237,(anonymous_27)
FN:247,(anonymous_28)
FN:269,(anonymous_29)
FN:272,(anonymous_30)
FN:277,(anonymous_31)
FN:284,(anonymous_32)
FN:295,(anonymous_33)
FN:320,(anonymous_34)
FNF:35
FNH:1
FNDA:1,(anonymous_0)
FNDA:0,(anonymous_1)
FNDA:0,(anonymous_2)
FNDA:0,(anonymous_3)
FNDA:0,(anonymous_4)
FNDA:0,(anonymous_5)
FNDA:0,(anonymous_6)
FNDA:0,(anonymous_7)
FNDA:0,(anonymous_8)
FNDA:0,(anonymous_9)
FNDA:0,(anonymous_10)
FNDA:0,(anonymous_11)
FNDA:0,(anonymous_12)
FNDA:0,(anonymous_13)
FNDA:0,(anonymous_14)
FNDA:0,(anonymous_15)
FNDA:0,(anonymous_16)
FNDA:0,(anonymous_17)
FNDA:0,(anonymous_18)
FNDA:0,(anonymous_19)
FNDA:0,(anonymous_20)
FNDA:0,(anonymous_21)
FNDA:0,(anonymous_22)
FNDA:0,(anonymous_23)
FNDA:0,(anonymous_24)
FNDA:0,(anonymous_25)
FNDA:0,(anonymous_26)
FNDA:0,(anonymous_27)
FNDA:0,(anonymous_28)
FNDA:0,(anonymous_29)
FNDA:0,(anonymous_30)
FNDA:0,(anonymous_31)
FNDA:0,(anonymous_32)
FNDA:0,(anonymous_33)
FNDA:0,(anonymous_34)
DA:12,1
DA:13,1
DA:14,1
DA:15,1
DA:16,1
DA:17,1
DA:18,1
DA:19,1
DA:20,1
DA:21,1
DA:22,1
DA:23,1
DA:24,1
DA:26,1
DA:27,1
DA:28,1
DA:29,1
DA:30,1
DA:31,1
DA:32,1
DA:33,1
DA:34,1
DA:35,1
DA:36,1
DA:37,1
DA:38,1
DA:39,1
DA:40,1
DA:41,1
DA:42,1
DA:43,1
DA:44,1
DA:46,1
DA:48,1
DA:49,1
DA:50,1
DA:62,0
DA:63,0
DA:64,0
DA:65,0
DA:69,0
DA:72,0
DA:75,0
DA:78,0
DA:81,0
DA:84,0
DA:87,0
DA:90,0
DA:93,0
DA:96,0
DA:99,0
DA:102,0
DA:105,0
DA:108,0
DA:111,0
DA:114,0
DA:117,0
DA:120,0
DA:123,0
DA:132,0
DA:138,0
DA:139,0
DA:140,0
DA:141,0
DA:142,0
DA:143,0
DA:144,0
DA:145,0
DA:146,0
DA:148,0
DA:149,0
DA:150,0
DA:152,0
DA:153,0
DA:154,0
DA:155,0
DA:157,0
DA:158,0
DA:159,0
DA:161,0
DA:162,0
DA:163,0
DA:165,0
DA:166,0
DA:167,0
DA:169,0
DA:170,0
DA:171,0
DA:173,0
DA:174,0
DA:175,0
DA:178,0
DA:181,0
DA:186,0
DA:187,0
DA:188,0
DA:189,0
DA:191,0
DA:192,0
DA:193,0
DA:194,0
DA:195,0
DA:199,0
DA:200,0
DA:201,0
DA:203,0
DA:204,0
DA:205,0
DA:207,0
DA:208,0
DA:209,0
DA:210,0
DA:211,0
DA:212,0
DA:213,0
DA:215,0
DA:226,0
DA:227,0
DA:228,0
DA:229,0
DA:230,0
DA:231,0
DA:232,0
DA:234,0
DA:235,0
DA:237,0
DA:238,0
DA:239,0
DA:240,0
DA:242,0
DA:244,0
DA:245,0
DA:246,0
DA:247,0
DA:248,0
DA:249,0
DA:251,0
DA:253,0
DA:254,0
DA:255,0
DA:256,0
DA:257,0
DA:264,0
DA:270,0
DA:271,0
DA:272,0
DA:273,0
DA:279,0
DA:280,0
DA:286,0
DA:288,0
DA:289,0
DA:290,0
DA:292,0
DA:296,0
DA:297,0
DA:298,0
DA:301,0
DA:303,0
DA:304,0
DA:307,0
DA:309,0
DA:310,0
DA:312,0
DA:313,0
DA:315,0
DA:323,0
DA:324,0
DA:325,0
DA:326,0
LF:170
LH:36
BRDA:139,0,0,0
BRDA:139,0,1,0
BRDA:146,1,0,0
BRDA:146,1,1,0
BRDA:146,1,2,0
BRDA:146,1,3,0
BRDA:146,1,4,0
BRDA:146,1,5,0
BRDA:146,1,6,0
BRDA:186,2,0,0
BRDA:186,2,1,0
BRDA:188,3,0,0
BRDA:188,3,1,0
BRDA:189,4,0,0
BRDA:189,4,1,0
BRDA:191,5,0,0
BRDA:191,5,1,0
BRDA:209,6,0,0
BRDA:209,6,1,0
BRDA:209,7,0,0
BRDA:209,7,1,0
BRDA:210,8,0,0
BRDA:210,8,1,0
BRDA:210,9,0,0
BRDA:210,9,1,0
BRDA:211,10,0,0
BRDA:211,10,1,0
BRDA:211,11,0,0
BRDA:211,11,1,0
BRDA:212,12,0,0
BRDA:212,12,1,0
BRDA:212,13,0,0
BRDA:212,13,1,0
BRDA:212,13,2,0
BRDA:213,14,0,0
BRDA:213,14,1,0
BRDA:227,15,0,0
BRDA:227,15,1,0
BRDA:244,16,0,0
BRDA:244,16,1,0
BRDA:244,17,0,0
BRDA:244,17,1,0
BRDA:254,18,0,0
BRDA:254,18,1,0
BRDA:254,19,0,0
BRDA:254,19,1,0
BRDA:286,20,0,0
BRDA:286,20,1,0
BRDA:289,21,0,0
BRDA:289,21,1,0
BRDA:290,22,0,0
BRDA:290,22,1,0
BRDA:297,23,0,0
BRDA:297,23,1,0
BRDA:298,24,0,0
BRDA:298,24,1,0
BRDA:304,25,0,0
BRDA:304,25,1,0
BRDA:310,26,0,0
BRDA:310,26,1,0
BRDA:313,27,0,0
BRDA:313,27,1,0
BRDA:315,28,0,0
BRDA:315,28,1,0
BRDA:325,29,0,0
BRDA:325,29,1,0
BRDA:325,30,0,0
BRDA:325,30,1,0
BRF:68
BRH:0
end_of_record
